        -:    0:Source:Password.cpp
        -:    0:Graph:Password.gcno
        -:    0:Data:Password.gcda
        -:    0:Runs:1
        -:    1:#include "Password.h"
        -:    2:#include <string>
        -:    3:
        -:    4:using std::string;
        -:    5:
        -:    6:/*
        -:    7:  The function receives a string counts how many times the same character 
        -:    8:  occurs at the beginning of the string, before any other characters (or the
        -:    9:  end of the string). The function is case-sensitive so 'Z' is different than
        -:   10:  'z' and any ASCII characters are allowed.
        -:   11:*/
        3:   12:int Password::count_leading_characters(string phrase){
        3:   13:  int repetition = 1;
        3:   14:  int index = 0;
        4:   15:  while( index < phrase.length()-1 && phrase[index] == phrase[index+1] ){
        1:   16:    repetition++;
        1:   17:    index++;
        -:   18:  }
        3:   19:  return repetition;
        -:   20:}
        -:   21:
        -:   22:/*
        -:   23:  receives a string and returns whether it has both at least one upper-case
        -:   24:  letter and at least one lower-case letter
        -:   25:*/
        -:   26:
        -:   27:#include <cctype>
        5:   28:bool Password::has_mixed_case(string str)
        -:   29:{
        5:   30:  bool found = false;
       21:   31:  for(char c : str){
       17:   32:    if( !found && c >= 'A' && c <= 'Z' ){
        3:   33:      found = true;
        -:   34:    }
       14:   35:    else if( found && c >= 'a' && c <= 'z'){
        1:   36:      return true;
        -:   37:    }
        -:   38:  }
        4:   39:  return false;
        -:   40:}
        -:   41:
        -:   42:
